Build started 10.6.2016 г. 20:19:51.
     1>Project "C:\Users\Lachezar\Desktop\MyGame\SpaceGame5\SpaceGame\SpaceGame.vcxproj" on node 2 (Build target(s)).
     1>ClCompile:
         C:\Program Files (x86)\Microsoft Visual Studio 12.0\VC\bin\CL.exe /c /I..\SpaceGame\bin\win /I..\SpaceGame\tools\editor_tileless /I..\SpaceGame\common\include /I..\..\..\..\common\include /Zi /nologo /W3 /WX- /sdl /O2 /Oi /Oy- /GL /D WIN32 /D NDEBUG /D _WINDOWS /D _UNICODE /D UNICODE /Gm- /EHsc /MD /GS /Gy /fp:precise /Zc:wchar_t /Zc:forScope /Fo"Release\\" /Fd"Release\vc120.pdb" /Gd /TP /analyze- /errorReport:prompt Main.cpp tools\editor_tileless\CIndieLib.cpp
         Main.cpp
     1>Main.cpp(146): warning C4244: 'argument' : conversion from 'int' to 'float', possible loss of data
     1>Main.cpp(147): warning C4244: 'argument' : conversion from 'int' to 'float', possible loss of data
     1>Main.cpp(148): warning C4244: 'argument' : conversion from 'int' to 'float', possible loss of data
     1>Main.cpp(151): warning C4244: 'initializing' : conversion from 'int' to 'float', possible loss of data
     1>Main.cpp(232): warning C4244: '=' : conversion from 'int' to 'float', possible loss of data
         CIndieLib.cpp
       Link:
         C:\Program Files (x86)\Microsoft Visual Studio 12.0\VC\bin\link.exe /ERRORREPORT:PROMPT /OUT:"C:\Users\Lachezar\Desktop\MyGame\SpaceGame5\Release\SpaceGame.exe" /INCREMENTAL:NO /NOLOGO /LIBPATH:..\SpaceGame\bin\win /LIBPATH:../../../../bin/win IndieLib.lib kernel32.lib user32.lib gdi32.lib winspool.lib comdlg32.lib advapi32.lib shell32.lib ole32.lib oleaut32.lib uuid.lib odbc32.lib odbccp32.lib /MANIFEST /MANIFESTUAC:"level='asInvoker' uiAccess='false'" /manifest:embed /DEBUG /PDB:"C:\Users\Lachezar\Desktop\MyGame\SpaceGame5\Release\SpaceGame.pdb" /SUBSYSTEM:WINDOWS /OPT:REF /OPT:ICF /LTCG /TLBID:1 /DYNAMICBASE /NXCOMPAT /IMPLIB:"C:\Users\Lachezar\Desktop\MyGame\SpaceGame5\Release\SpaceGame.lib" /MACHINE:X86 /SAFESEH Release\Main.obj
         Release\CIndieLib.obj
         Generating code
         Finished generating code
         SpaceGame.vcxproj -> C:\Users\Lachezar\Desktop\MyGame\SpaceGame5\Release\SpaceGame.exe
     1>Done Building Project "C:\Users\Lachezar\Desktop\MyGame\SpaceGame5\SpaceGame\SpaceGame.vcxproj" (Build target(s)).

Build succeeded.

Time Elapsed 00:00:01.68
